GET http://installd.local:80/users.xml?login=floehopper
--> 200 OK (1048 75ms)
GET http://installd.local:80/users/2/apps.xml
--> 200 OK (67 92ms)
GET http://installd.local:80/apps.xml?name=TwitterFon
--> 200 OK (405 21ms)
POST http://installd.local:80/installs.xml
--> 201 Created (290 52ms)
GET http://installd.local:80/apps.xml?name=TubeStatus
--> 200 OK (67 20ms)
POST http://installd.local:80/apps.xml
--> 201 Created (355 28ms)
POST http://installd.local:80/installs.xml
--> 201 Created (290 47ms)
GET http://installd.local:80/apps.xml?name=TapDefense
--> 200 OK (67 19ms)
POST http://installd.local:80/apps.xml
--> 201 Created (361 29ms)
POST http://installd.local:80/installs.xml
--> 201 Created (290 160ms)
GET http://installd.local:80/apps.xml?name=NatsuLion+for+iPhone
--> 200 OK (67 19ms)
POST http://installd.local:80/apps.xml
--> 201 Created (371 30ms)
POST http://installd.local:80/installs.xml
--> 201 Created (290 46ms)
GET http://installd.local:80/apps.xml?name=VLC+Remote+Free
--> 200 OK (67 19ms)
POST http://installd.local:80/apps.xml
--> 201 Created (366 28ms)
POST http://installd.local:80/installs.xml
--> 201 Created (290 47ms)
GET http://installd.local:80/apps.xml?name=TouchTerm+SSH
--> 200 OK (67 82ms)
POST http://installd.local:80/apps.xml
--> 201 Created (364 34ms)
POST http://installd.local:80/installs.xml
--> 201 Created (290 45ms)
GET http://installd.local:80/apps.xml?name=MazeFinger
--> 200 OK (67 19ms)
POST http://installd.local:80/apps.xml
--> 201 Created (361 32ms)
POST http://installd.local:80/installs.xml
--> 201 Created (290 44ms)
GET http://installd.local:80/apps.xml?name=LinkedIn
--> 200 OK (67 20ms)
POST http://installd.local:80/apps.xml
--> 201 Created (354 29ms)
POST http://installd.local:80/installs.xml
--> 201 Created (291 110ms)
GET http://installd.local:80/apps.xml?name=Fastlane+Street+Racing
--> 200 OK (67 18ms)
POST http://installd.local:80/apps.xml
--> 201 Created (368 30ms)
POST http://installd.local:80/installs.xml
--> 201 Created (291 46ms)
GET http://installd.local:80/apps.xml?name=Mocha+VNC+Lite
--> 200 OK (67 19ms)
POST http://installd.local:80/apps.xml
--> 201 Created (366 33ms)
POST http://installd.local:80/installs.xml
--> 201 Created (292 46ms)
GET http://installd.local:80/apps.xml?name=Twitterlink
--> 200 OK (67 18ms)
POST http://installd.local:80/apps.xml
--> 201 Created (357 97ms)
POST http://installd.local:80/installs.xml
--> 201 Created (292 50ms)
GET http://installd.local:80/apps.xml?name=Molecules
--> 200 OK (67 18ms)
POST http://installd.local:80/apps.xml
--> 201 Created (355 29ms)
POST http://installd.local:80/installs.xml
--> 201 Created (292 48ms)
GET http://installd.local:80/apps.xml?name=Last.fm
--> 200 OK (67 18ms)
POST http://installd.local:80/apps.xml
--> 201 Created (353 28ms)
POST http://installd.local:80/installs.xml
--> 201 Created (292 111ms)
GET http://installd.local:80/apps.xml?name=iTrailMap+3D+%28ski+and+snowboard+trail+maps%29
--> 200 OK (67 21ms)
POST http://installd.local:80/apps.xml
--> 201 Created (395 29ms)
POST http://installd.local:80/installs.xml
--> 201 Created (292 47ms)
GET http://installd.local:80/apps.xml?name=iFreeThePostcode
--> 200 OK (67 19ms)
POST http://installd.local:80/apps.xml
--> 201 Created (362 29ms)
POST http://installd.local:80/installs.xml
--> 201 Created (292 46ms)
GET http://installd.local:80/apps.xml?name=Stanza
--> 200 OK (67 18ms)
POST http://installd.local:80/apps.xml
--> 201 Created (358 97ms)
POST http://installd.local:80/installs.xml
--> 201 Created (292 45ms)
GET http://installd.local:80/apps.xml?name=Google+Earth
--> 200 OK (67 22ms)
POST http://installd.local:80/apps.xml
--> 201 Created (358 29ms)
POST http://installd.local:80/installs.xml
--> 201 Created (292 45ms)
GET http://installd.local:80/apps.xml?name=Google+Mobile+App
--> 200 OK (67 22ms)
POST http://installd.local:80/apps.xml
--> 201 Created (369 28ms)
POST http://installd.local:80/installs.xml
--> 201 Created (292 110ms)
GET http://installd.local:80/apps.xml?name=Air+Sharing+%28Document+Viewer%2C+File+Storage%29
--> 200 OK (67 20ms)
POST http://installd.local:80/apps.xml
--> 201 Created (395 34ms)
POST http://installd.local:80/installs.xml
--> 201 Created (292 50ms)
GET http://installd.local:80/apps.xml?name=Snow+and+Ski+Report+by+REI
--> 200 OK (67 19ms)
POST http://installd.local:80/apps.xml
--> 201 Created (372 30ms)
POST http://installd.local:80/installs.xml
--> 201 Created (292 44ms)
GET http://installd.local:80/apps.xml?name=Skype
--> 200 OK (67 19ms)
POST http://installd.local:80/apps.xml
--> 201 Created (357 97ms)
POST http://installd.local:80/installs.xml
--> 201 Created (292 46ms)
GET http://installd.local:80/apps.xml?name=Trailguru
--> 200 OK (67 18ms)
POST http://installd.local:80/apps.xml
--> 201 Created (361 29ms)
POST http://installd.local:80/installs.xml
--> 201 Created (292 44ms)
GET http://installd.local:80/apps.xml?name=Things
--> 200 OK (67 18ms)
POST http://installd.local:80/apps.xml
--> 201 Created (358 29ms)
POST http://installd.local:80/installs.xml
--> 201 Created (292 46ms)
GET http://installd.local:80/apps.xml?name=SinkSub+-+Deep+Sweep+LITE
--> 200 OK (67 85ms)
POST http://installd.local:80/apps.xml
--> 201 Created (371 29ms)
POST http://installd.local:80/installs.xml
--> 201 Created (292 46ms)
GET http://installd.local:80/apps.xml?name=Touch+Hockey%3A+FS5+%28FREE%29
--> 200 OK (67 20ms)
POST http://installd.local:80/apps.xml
--> 201 Created (376 30ms)
POST http://installd.local:80/installs.xml
--> 201 Created (292 48ms)
GET http://installd.local:80/apps.xml?name=1Password
--> 200 OK (67 19ms)
POST http://installd.local:80/apps.xml
--> 201 Created (361 31ms)
POST http://installd.local:80/installs.xml
--> 201 Created (292 112ms)
GET http://installd.local:80/apps.xml?name=Tweetie
--> 200 OK (67 19ms)
POST http://installd.local:80/apps.xml
--> 201 Created (359 30ms)
POST http://installd.local:80/installs.xml
--> 201 Created (292 44ms)
GET http://installd.local:80/apps.xml?name=TVGuide%40UK
--> 200 OK (67 18ms)
POST http://installd.local:80/apps.xml
--> 201 Created (362 31ms)
POST http://installd.local:80/installs.xml
--> 201 Created (292 46ms)
GET http://installd.local:80/apps.xml?name=Tumblr
--> 200 OK (67 84ms)
POST http://installd.local:80/apps.xml
--> 201 Created (352 31ms)
POST http://installd.local:80/installs.xml
--> 201 Created (292 50ms)
GET http://installd.local:80/apps.xml?name=Crazy+Penguin+Catapult+FREE
--> 200 OK (67 20ms)
POST http://installd.local:80/apps.xml
--> 201 Created (373 28ms)
POST http://installd.local:80/installs.xml
--> 201 Created (292 49ms)
GET http://installd.local:80/apps.xml?name=iHandy+Level+Free
--> 200 OK (67 18ms)
POST http://installd.local:80/apps.xml
--> 201 Created (369 29ms)
POST http://installd.local:80/installs.xml
--> 201 Created (292 115ms)
GET http://installd.local:80/apps.xml?name=DomainApp
--> 200 OK (67 21ms)
POST http://installd.local:80/apps.xml
--> 201 Created (355 28ms)
POST http://installd.local:80/installs.xml
--> 201 Created (292 48ms)
GET http://installd.local:80/apps.xml?name=Slicehost
--> 200 OK (67 18ms)
POST http://installd.local:80/apps.xml
--> 201 Created (355 29ms)
POST http://installd.local:80/installs.xml
--> 201 Created (292 47ms)
GET http://installd.local:80/apps.xml?name=Shazam
--> 200 OK (67 18ms)
POST http://installd.local:80/apps.xml
--> 201 Created (352 97ms)
POST http://installd.local:80/installs.xml
--> 201 Created (292 46ms)
GET http://installd.local:80/apps.xml?name=Blok-Buster
--> 200 OK (67 21ms)
POST http://installd.local:80/apps.xml
--> 201 Created (357 29ms)
POST http://installd.local:80/installs.xml
--> 201 Created (292 45ms)
GET http://installd.local:80/apps.xml?name=Urbanspoon
--> 200 OK (67 20ms)
POST http://installd.local:80/apps.xml
--> 201 Created (362 28ms)
POST http://installd.local:80/installs.xml
--> 201 Created (292 108ms)
GET http://installd.local:80/apps.xml?name=Instapaper+Free
--> 200 OK (67 20ms)
POST http://installd.local:80/apps.xml
--> 201 Created (361 33ms)
POST http://installd.local:80/installs.xml
--> 201 Created (292 45ms)
GET http://installd.local:80/apps.xml?name=Remote
--> 200 OK (67 19ms)
POST http://installd.local:80/apps.xml
--> 201 Created (358 33ms)
POST http://installd.local:80/installs.xml
--> 201 Created (292 54ms)
